<?xml version="1.0" encoding="UTF-8"?>
<testng-results ignored="0" total="1" passed="1" failed="0" skipped="0">
  <reporter-output>
  </reporter-output>
  <suite started-at="2025-05-01T14:50:50 IST" name="Surefire suite" finished-at="2025-05-01T14:50:52 IST" duration-ms="2914">
    <groups>
    </groups>
    <test started-at="2025-05-01T14:50:50 IST" name="Surefire test" finished-at="2025-05-01T14:50:52 IST" duration-ms="2914">
      <class name="CICD_Jenkins.CICD_Jenkins.GoogleSearchTest">
        <test-method signature="testGoogleTitle()[pri:0, instance:CICD_Jenkins.CICD_Jenkins.GoogleSearchTest@62e7f11d]" started-at="2025-05-01T14:50:50 IST" name="testGoogleTitle" finished-at="2025-05-01T14:50:52 IST" duration-ms="2882" status="PASS">
          <reporter-output>
          </reporter-output>
        </test-method> <!-- testGoogleTitle -->
      </class> <!-- CICD_Jenkins.CICD_Jenkins.GoogleSearchTest -->
    </test> <!-- Surefire test -->
  </suite> <!-- Surefire suite -->
</testng-results>
