<?xml version="1.0" encoding="UTF-8"?>
<testng-results ignored="0" total="1" passed="1" failed="0" skipped="0">
  <reporter-output>
  </reporter-output>
  <suite started-at="2025-05-01T14:50:07 IST" name="Default suite" finished-at="2025-05-01T14:50:14 IST" duration-ms="7248">
    <groups>
    </groups>
    <test started-at="2025-05-01T14:50:07 IST" name="Default test" finished-at="2025-05-01T14:50:14 IST" duration-ms="7248">
      <class name="CICD_Jenkins.CICD_Jenkins.GoogleSearchTest">
        <test-method signature="testGoogleTitle()[pri:0, instance:CICD_Jenkins.CICD_Jenkins.GoogleSearchTest@69997e9d]" started-at="2025-05-01T14:50:07 IST" name="testGoogleTitle" finished-at="2025-05-01T14:50:14 IST" duration-ms="7217" status="PASS">
          <reporter-output>
          </reporter-output>
        </test-method> <!-- testGoogleTitle -->
      </class> <!-- CICD_Jenkins.CICD_Jenkins.GoogleSearchTest -->
    </test> <!-- Default test -->
  </suite> <!-- Default suite -->
</testng-results>
